{
  "stats": {
    "suites": 1,
    "tests": 14,
    "passes": 12,
    "pending": 0,
    "failures": 2,
    "start": "2024-03-25T16:28:16.355Z",
    "end": "2024-03-25T16:28:54.811Z",
    "duration": 38456,
    "testsRegistered": 14,
    "passPercent": 85.71428571428571,
    "pendingPercent": 0,
    "other": 0,
    "hasOther": false,
    "skipped": 0,
    "hasSkipped": false
  },
  "results": [
    {
      "uuid": "f2b66631-ad9c-4486-a880-481a373061a1",
      "title": "",
      "fullFile": "/Users/apple/Desktop/Siemens-QA-Task/nightwatch/tests/contactUsTest.js",
      "file": "/nightwatch/tests/contactUsTest.js",
      "beforeHooks": [],
      "afterHooks": [],
      "tests": [],
      "suites": [
        {
          "uuid": "238656d4-c653-4a60-b08e-c9e6ace355d7",
          "title": "contact us automation",
          "fullFile": "/Users/apple/Desktop/Siemens-QA-Task/nightwatch/tests/contactUsTest.js",
          "file": "/nightwatch/tests/contactUsTest.js",
          "beforeHooks": [
            {
              "title": "\"before each\" hook in \"contact us automation\"",
              "fullTitle": "contact us automation \"before each\" hook in \"contact us automation\"",
              "timedOut": false,
              "duration": 1445,
              "state": null,
              "speed": null,
              "pass": false,
              "fail": false,
              "pending": false,
              "context": null,
              "code": "browser.navigateTo(contactUsPageData.contactUs.contactUsUrl)",
              "err": {},
              "uuid": "a35201c0-bdbe-4938-81e6-1d4f411dfe63",
              "parentUUID": "238656d4-c653-4a60-b08e-c9e6ace355d7",
              "isHook": true,
              "skipped": false
            }
          ],
          "afterHooks": [
            {
              "title": "\"after all\" hook in \"contact us automation\"",
              "fullTitle": "contact us automation \"after all\" hook in \"contact us automation\"",
              "timedOut": false,
              "duration": 75,
              "state": null,
              "speed": null,
              "pass": false,
              "fail": false,
              "pending": false,
              "context": null,
              "code": "browser.end()",
              "err": {},
              "uuid": "54d374ed-786c-442f-8c9d-b4ad4cdbcc1f",
              "parentUUID": "238656d4-c653-4a60-b08e-c9e6ace355d7",
              "isHook": true,
              "skipped": false
            }
          ],
          "tests": [
            {
              "title": "assert contact us form is visible",
              "fullTitle": "contact us automation assert contact us form is visible",
              "timedOut": false,
              "duration": 90,
              "state": "passed",
              "speed": "slow",
              "pass": true,
              "fail": false,
              "pending": false,
              "context": null,
              "code": "contactUsPage.waitForContactFormVisible(browser)\ncontactUsPage.waitForBodyAndTitle(browser)",
              "err": {},
              "uuid": "c47c4675-d62b-4a63-8f9e-b4a4a2f5ba04",
              "parentUUID": "238656d4-c653-4a60-b08e-c9e6ace355d7",
              "isHook": false,
              "skipped": false
            },
            {
              "title": "assert on subject heading message is displayed upon selecting webmaster",
              "fullTitle": "contact us automation assert on subject heading message is displayed upon selecting webmaster",
              "timedOut": false,
              "duration": 88,
              "state": "passed",
              "speed": "slow",
              "pass": true,
              "fail": false,
              "pending": false,
              "context": null,
              "code": "contactUsPage.selectAssertWebMaster(browser);",
              "err": {},
              "uuid": "3cbf98f9-cfc6-4d68-bd07-200c452e4634",
              "parentUUID": "238656d4-c653-4a60-b08e-c9e6ace355d7",
              "isHook": false,
              "skipped": false
            },
            {
              "title": "assert on subject heading message is displayed upon selecting Customer Service",
              "fullTitle": "contact us automation assert on subject heading message is displayed upon selecting Customer Service",
              "timedOut": false,
              "duration": 61,
              "state": "passed",
              "speed": "medium",
              "pass": true,
              "fail": false,
              "pending": false,
              "context": null,
              "code": "contactUsPage.selectAssertCustomerService(browser);",
              "err": {},
              "uuid": "d7f6b554-df49-439e-a524-bcb850ae0b48",
              "parentUUID": "238656d4-c653-4a60-b08e-c9e6ace355d7",
              "isHook": false,
              "skipped": false
            },
            {
              "title": "assert on inserting invalid value for mail",
              "fullTitle": "contact us automation assert on inserting invalid value for mail",
              "timedOut": false,
              "duration": 248,
              "state": "passed",
              "speed": "slow",
              "pass": true,
              "fail": false,
              "pending": false,
              "context": null,
              "code": "contactUsPage.insertInvalidMail(browser)",
              "err": {},
              "uuid": "b0730fcf-42f9-4aa9-92fd-5a0f85aea0fa",
              "parentUUID": "238656d4-c653-4a60-b08e-c9e6ace355d7",
              "isHook": false,
              "skipped": false
            },
            {
              "title": "assert on inserting valid value for mail",
              "fullTitle": "contact us automation assert on inserting valid value for mail",
              "timedOut": false,
              "duration": 142,
              "state": "passed",
              "speed": "slow",
              "pass": true,
              "fail": false,
              "pending": false,
              "context": null,
              "code": "contactUsPage.insertValidMail(browser)",
              "err": {},
              "uuid": "81f53b8b-be01-4a78-8593-941687b7f78f",
              "parentUUID": "238656d4-c653-4a60-b08e-c9e6ace355d7",
              "isHook": false,
              "skipped": false
            },
            {
              "title": "assert on error message is displayed while inserting value in message field and leaving mail field blank/invalid",
              "fullTitle": "contact us automation assert on error message is displayed while inserting value in message field and leaving mail field blank/invalid",
              "timedOut": false,
              "duration": 1005,
              "state": "passed",
              "speed": "slow",
              "pass": true,
              "fail": false,
              "pending": false,
              "context": null,
              "code": "contactUsPage.insertMessage(browser)\ncontactUsPage.clickSendButton(browser)\ncontactUsPage.assertErrorFieldexists(browser)",
              "err": {},
              "uuid": "49207629-6210-4a87-a80f-2c0750e23298",
              "parentUUID": "238656d4-c653-4a60-b08e-c9e6ace355d7",
              "isHook": false,
              "skipped": false
            },
            {
              "title": "assert on error message is displayed while inserting value in message field mail and leaving subject heading dropdown unselected ",
              "fullTitle": "contact us automation assert on error message is displayed while inserting value in message field mail and leaving subject heading dropdown unselected ",
              "timedOut": false,
              "duration": 1089,
              "state": "passed",
              "speed": "slow",
              "pass": true,
              "fail": false,
              "pending": false,
              "context": null,
              "code": "contactUsPage.insertValidMail(browser)\ncontactUsPage.insertMessage(browser)\ncontactUsPage.clickSendButton(browser)\ncontactUsPage.assertErrorFieldexistsWithNoSubjectSelected(browser)",
              "err": {},
              "uuid": "fe756ea7-a026-4ef8-92ab-476a979ac65c",
              "parentUUID": "238656d4-c653-4a60-b08e-c9e6ace355d7",
              "isHook": false,
              "skipped": false
            },
            {
              "title": "assert on error message is displayed while inserting value in message and mail fields and leaving subject heading dropdown unselected ",
              "fullTitle": "contact us automation assert on error message is displayed while inserting value in message and mail fields and leaving subject heading dropdown unselected ",
              "timedOut": false,
              "duration": 1263,
              "state": "passed",
              "speed": "slow",
              "pass": true,
              "fail": false,
              "pending": false,
              "context": null,
              "code": "contactUsPage.insertValidMail(browser)\ncontactUsPage.insertMessage(browser)\ncontactUsPage.clickSendButton(browser)\ncontactUsPage.assertErrorFieldexistsWithNoSubjectSelected(browser)",
              "err": {},
              "uuid": "b828096d-d63b-4d33-b2e5-2f63441bdda6",
              "parentUUID": "238656d4-c653-4a60-b08e-c9e6ace355d7",
              "isHook": false,
              "skipped": false
            },
            {
              "title": "assert on error message is displayed while inserting value in mail and subject heading and leaving message field blank ",
              "fullTitle": "contact us automation assert on error message is displayed while inserting value in mail and subject heading and leaving message field blank ",
              "timedOut": false,
              "duration": 1031,
              "state": "passed",
              "speed": "slow",
              "pass": true,
              "fail": false,
              "pending": false,
              "context": null,
              "code": "contactUsPage.insertValidMail(browser)\ncontactUsPage.clickSendButton(browser)\ncontactUsPage.assertErrorFieldexistsWithNoMessageField(browser)",
              "err": {},
              "uuid": "666024d8-e7a3-4034-89cb-6417187444f7",
              "parentUUID": "238656d4-c653-4a60-b08e-c9e6ace355d7",
              "isHook": false,
              "skipped": false
            },
            {
              "title": "assert on success message when filling the form with valid values",
              "fullTitle": "contact us automation assert on success message when filling the form with valid values",
              "timedOut": false,
              "duration": 1218,
              "state": "passed",
              "speed": "slow",
              "pass": true,
              "fail": false,
              "pending": false,
              "context": null,
              "code": "contactUsPage.insertValidMail(browser)\ncontactUsPage.insertMessage(browser)\ncontactUsPage.selectAssertCustomerService(browser);\ncontactUsPage.clickSendButton(browser)\ncontactUsPage.assertSuccessMessage(browser)",
              "err": {},
              "uuid": "c63c77c9-5977-4feb-afba-c8eacf6171ad",
              "parentUUID": "238656d4-c653-4a60-b08e-c9e6ace355d7",
              "isHook": false,
              "skipped": false
            },
            {
              "title": "Testing file upload",
              "fullTitle": "contact us automation Testing file upload",
              "timedOut": false,
              "duration": 73,
              "state": "passed",
              "speed": "medium",
              "pass": true,
              "fail": false,
              "pending": false,
              "context": null,
              "code": "contactUsPage.assertFileUpload(browser);",
              "err": {},
              "uuid": "3dbafbfd-1413-441f-80bc-1f301841e5b9",
              "parentUUID": "238656d4-c653-4a60-b08e-c9e6ace355d7",
              "isHook": false,
              "skipped": false
            },
            {
              "title": "assert on error message is displayed while inserting spaces in message and valid email and subkect heading",
              "fullTitle": "contact us automation assert on error message is displayed while inserting spaces in message and valid email and subkect heading",
              "timedOut": false,
              "duration": 6256,
              "state": "failed",
              "speed": null,
              "pass": false,
              "fail": true,
              "pending": false,
              "context": null,
              "code": "contactUsPage.selectAssertCustomerService(browser);\ncontactUsPage.insertValidMail(browser);\ncontactUsPage.insertSpacesInMessage(browser)\ncontactUsPage.clickSendButton(browser)\ncontactUsPage.assertErrorFieldexistsWithNoMessageField(browser)",
              "err": {
                "message": "NightwatchAssertError: Testing if element <div#center_column > .alert.alert-danger> is present in 5000ms - expected \"is present\" but got: \"not present\" (5150ms)",
                "estack": "    at Proxy.<anonymous> (node_modules/nightwatch/lib/api/index.js:161:30)\n    at Object.assertErrorFieldexistsWithNoMessageField (nightwatch/page-objects/contactUsPage.js:72:35)\n    at Context.<anonymous> (nightwatch/tests/contactUsTest.js:68:21)\n    at Runnable.__runFn (node_modules/nightwatch/lib/runner/test-runners/mocha/custom-runnable.js:105:30)\n    at Runnable.run (node_modules/nightwatch/lib/testsuite/runnable.js:126:21)\n    at TestSuite.executeRunnable (node_modules/nightwatch/lib/testsuite/index.js:1000:49)\n    at TestSuite.handleRunnable (node_modules/nightwatch/lib/testsuite/index.js:1015:33)\n    at module.exports (node_modules/nightwatch/lib/runner/test-runners/mocha/custom-runnable.js:83:37)\n    at Test.<anonymous> (node_modules/nightwatch/lib/runner/test-runners/mocha/extensions.js:18:31)",
                "diff": null
              },
              "uuid": "e88fce7b-99ae-4140-8ded-4653dbd7d33d",
              "parentUUID": "238656d4-c653-4a60-b08e-c9e6ace355d7",
              "isHook": false,
              "skipped": false
            },
            {
              "title": "assert on error message is displayed while inserting value in message and leaving mail empty and subject heading dropdown unselected ",
              "fullTitle": "contact us automation assert on error message is displayed while inserting value in message and leaving mail empty and subject heading dropdown unselected ",
              "timedOut": false,
              "duration": 1678,
              "state": "passed",
              "speed": "slow",
              "pass": true,
              "fail": false,
              "pending": false,
              "context": null,
              "code": "contactUsPage.insertMessage(browser)\ncontactUsPage.clickSendButton(browser)\ncontactUsPage.assertErrorFieldWithNoOrWrongEmail(browser)",
              "err": {},
              "uuid": "9c2b4618-fe10-44c3-a888-051bc1d152e4",
              "parentUUID": "238656d4-c653-4a60-b08e-c9e6ace355d7",
              "isHook": false,
              "skipped": false
            },
            {
              "title": "Entering valid email only with spaces after it",
              "fullTitle": "contact us automation Entering valid email only with spaces after it",
              "timedOut": false,
              "duration": 5345,
              "state": "failed",
              "speed": null,
              "pass": false,
              "fail": true,
              "pending": false,
              "context": null,
              "code": "contactUsPage.insertValidMailwithSpaces(browser);",
              "err": {
                "message": "NightwatchAssertError: Testing if element <.form-group.form-ok> is present in 5000ms - expected \"is present\" but got: \"not present\" (5159ms)",
                "estack": "    at Proxy.<anonymous> (node_modules/nightwatch/lib/api/index.js:161:30)\n    at Object.insertValidMailwithSpaces (nightwatch/page-objects/contactUsPage.js:98:35)\n    at Context.<anonymous> (nightwatch/tests/contactUsTest.js:80:21)\n    at Runnable.__runFn (node_modules/nightwatch/lib/runner/test-runners/mocha/custom-runnable.js:105:30)\n    at Runnable.run (node_modules/nightwatch/lib/testsuite/runnable.js:126:21)\n    at TestSuite.executeRunnable (node_modules/nightwatch/lib/testsuite/index.js:1000:49)\n    at TestSuite.handleRunnable (node_modules/nightwatch/lib/testsuite/index.js:1015:33)\n    at module.exports (node_modules/nightwatch/lib/runner/test-runners/mocha/custom-runnable.js:83:37)\n    at Test.<anonymous> (node_modules/nightwatch/lib/runner/test-runners/mocha/extensions.js:18:31)",
                "diff": null
              },
              "uuid": "d31457dc-a4cf-484f-b0d2-b2170c80ee40",
              "parentUUID": "238656d4-c653-4a60-b08e-c9e6ace355d7",
              "isHook": false,
              "skipped": false
            }
          ],
          "suites": [],
          "passes": [
            "c47c4675-d62b-4a63-8f9e-b4a4a2f5ba04",
            "3cbf98f9-cfc6-4d68-bd07-200c452e4634",
            "d7f6b554-df49-439e-a524-bcb850ae0b48",
            "b0730fcf-42f9-4aa9-92fd-5a0f85aea0fa",
            "81f53b8b-be01-4a78-8593-941687b7f78f",
            "49207629-6210-4a87-a80f-2c0750e23298",
            "fe756ea7-a026-4ef8-92ab-476a979ac65c",
            "b828096d-d63b-4d33-b2e5-2f63441bdda6",
            "666024d8-e7a3-4034-89cb-6417187444f7",
            "c63c77c9-5977-4feb-afba-c8eacf6171ad",
            "3dbafbfd-1413-441f-80bc-1f301841e5b9",
            "9c2b4618-fe10-44c3-a888-051bc1d152e4"
          ],
          "failures": [
            "e88fce7b-99ae-4140-8ded-4653dbd7d33d",
            "d31457dc-a4cf-484f-b0d2-b2170c80ee40"
          ],
          "pending": [],
          "skipped": [],
          "duration": 19587,
          "root": false,
          "rootEmpty": false,
          "_timeout": 20000
        }
      ],
      "passes": [],
      "failures": [],
      "pending": [],
      "skipped": [],
      "duration": 0,
      "root": true,
      "rootEmpty": true,
      "_timeout": 20000
    }
  ],
  "meta": {
    "mocha": {
      "version": "10.2.0"
    },
    "mochawesome": {
      "options": {
        "quiet": false,
        "reportFilename": "mochawesome",
        "saveHtml": true,
        "saveJson": true,
        "consoleReporter": "spec",
        "useInlineDiffs": false,
        "code": true
      },
      "version": "7.1.3"
    },
    "marge": {
      "options": {
        "reportDir": "reports",
        "reportName": "index"
      },
      "version": "6.2.0"
    }
  }
}